# JRE version: OpenJDK Runtime Environment (7.0_95) (build 1.7.0_95-b00)
# Java VM: OpenJDK 64-Bit Server VM (24.95-b01 mixed mode linux-amd64 compressed oops)
Heap
 PSYoungGen      total 271872K, used 234587K [0x00000000eb280000, 0x0000000100000000, 0x0000000100000000)
  eden space 256000K, 87% used [0x00000000eb280000,0x00000000f8e34eb0,0x00000000fac80000)
  from space 15872K, 60% used [0x00000000fac80000,0x00000000fb5e1f68,0x00000000fbc00000)
  to   space 15360K, 0% used [0x00000000ff100000,0x00000000ff100000,0x0000000100000000)
 ParOldGen       total 187392K, used 119816K [0x00000000c1800000, 0x00000000ccf00000, 0x00000000eb280000)
  object space 187392K, 63% used [0x00000000c1800000,0x00000000c8d020e0,0x00000000ccf00000)
 PSPermGen       total 27648K, used 27333K [0x00000000b7200000, 0x00000000b8d00000, 0x00000000c1800000)
  object space 27648K, 98% used [0x00000000b7200000,0x00000000b8cb1528,0x00000000b8d00000)
GC Heap History (10 events):
Event: 1,223 GC heap before
{Heap before GC invocations=3 (full 0):
 PSYoungGen      total 69632K, used 69604K [0x00000000eb280000, 0x00000000efb80000, 0x0000000100000000)
  eden space 64512K, 100% used [0x00000000eb280000,0x00000000ef180000,0x00000000ef180000)
  from space 5120K, 99% used [0x00000000ef680000,0x00000000efb792e0,0x00000000efb80000)
  to   space 5120K, 0% used [0x00000000ef180000,0x00000000ef180000,0x00000000ef680000)
 ParOldGen       total 84480K, used 5043K [0x00000000c1800000, 0x00000000c6a80000, 0x00000000eb280000)
  object space 84480K, 5% used [0x00000000c1800000,0x00000000c1cecf10,0x00000000c6a80000)
 PSPermGen       total 21504K, used 12518K [0x00000000b7200000, 0x00000000b8700000, 0x00000000c1800000)
  object space 21504K, 58% used [0x00000000b7200000,0x00000000b7e398e8,0x00000000b8700000)
Event: 1,232 GC heap after
Heap after GC invocations=3 (full 0):
 PSYoungGen      total 69632K, used 5118K [0x00000000eb280000, 0x00000000f3a80000, 0x0000000100000000)
  eden space 64512K, 0% used [0x00000000eb280000,0x00000000eb280000,0x00000000ef180000)
  from space 5120K, 99% used [0x00000000ef180000,0x00000000ef67f928,0x00000000ef680000)
  to   space 5120K, 0% used [0x00000000f3580000,0x00000000f3580000,0x00000000f3a80000)
 ParOldGen       total 84480K, used 6411K [0x00000000c1800000, 0x00000000c6a80000, 0x00000000eb280000)
  object space 84480K, 7% used [0x00000000c1800000,0x00000000c1e42ec0,0x00000000c6a80000)
 PSPermGen       total 21504K, used 12518K [0x00000000b7200000, 0x00000000b8700000, 0x00000000c1800000)
  object space 21504K, 58% used [0x00000000b7200000,0x00000000b7e398e8,0x00000000b8700000)
}
Event: 1,605 GC heap before
{Heap before GC invocations=4 (full 0):
 PSYoungGen      total 69632K, used 69630K [0x00000000eb280000, 0x00000000f3a80000, 0x0000000100000000)
  eden space 64512K, 100% used [0x00000000eb280000,0x00000000ef180000,0x00000000ef180000)
  from space 5120K, 99% used [0x00000000ef180000,0x00000000ef67f928,0x00000000ef680000)
  to   space 5120K, 0% used [0x00000000f3580000,0x00000000f3580000,0x00000000f3a80000)
 ParOldGen       total 84480K, used 6411K [0x00000000c1800000, 0x00000000c6a80000, 0x00000000eb280000)
  object space 84480K, 7% used [0x00000000c1800000,0x00000000c1e42ec0,0x00000000c6a80000)
 PSPermGen       total 21504K, used 15534K [0x00000000b7200000, 0x00000000b8700000, 0x00000000c1800000)
  object space 21504K, 72% used [0x00000000b7200000,0x00000000b812b908,0x00000000b8700000)
Event: 1,613 GC heap after
Heap after GC invocations=4 (full 0):
 PSYoungGen      total 134144K, used 5113K [0x00000000eb280000, 0x00000000f3a80000, 0x0000000100000000)
  eden space 129024K, 0% used [0x00000000eb280000,0x00000000eb280000,0x00000000f3080000)
  from space 5120K, 99% used [0x00000000f3580000,0x00000000f3a7e7d0,0x00000000f3a80000)
  to   space 5120K, 0% used [0x00000000f3080000,0x00000000f3080000,0x00000000f3580000)
 ParOldGen       total 84480K, used 7386K [0x00000000c1800000, 0x00000000c6a80000, 0x00000000eb280000)
  object space 84480K, 8% used [0x00000000c1800000,0x00000000c1f36ac8,0x00000000c6a80000)
 PSPermGen       total 21504K, used 15534K [0x00000000b7200000, 0x00000000b8700000, 0x00000000c1800000)
  object space 21504K, 72% used [0x00000000b7200000,0x00000000b812b908,0x00000000b8700000)
}
Event: 2,251 GC heap before
{Heap before GC invocations=5 (full 0):
 PSYoungGen      total 134144K, used 134137K [0x00000000eb280000, 0x00000000f3a80000, 0x0000000100000000)
  eden space 129024K, 100% used [0x00000000eb280000,0x00000000f3080000,0x00000000f3080000)
  from space 5120K, 99% used [0x00000000f3580000,0x00000000f3a7e7d0,0x00000000f3a80000)
  to   space 5120K, 0% used [0x00000000f3080000,0x00000000f3080000,0x00000000f3580000)
 ParOldGen       total 84480K, used 7386K [0x00000000c1800000, 0x00000000c6a80000, 0x00000000eb280000)
  object space 84480K, 8% used [0x00000000c1800000,0x00000000c1f36ac8,0x00000000c6a80000)
 PSPermGen       total 22528K, used 22172K [0x00000000b7200000, 0x00000000b8800000, 0x00000000c1800000)
  object space 22528K, 98% used [0x00000000b7200000,0x00000000b87a7340,0x00000000b8800000)
Event: 2,262 GC heap after
Heap after GC invocations=5 (full 0):
 PSYoungGen      total 134144K, used 5103K [0x00000000eb280000, 0x00000000fc980000, 0x0000000100000000)
  eden space 129024K, 0% used [0x00000000eb280000,0x00000000eb280000,0x00000000f3080000)
  from space 5120K, 99% used [0x00000000f3080000,0x00000000f357bdc8,0x00000000f3580000)
  to   space 13824K, 0% used [0x00000000fbc00000,0x00000000fbc00000,0x00000000fc980000)
 ParOldGen       total 84480K, used 15998K [0x00000000c1800000, 0x00000000c6a80000, 0x00000000eb280000)
  object space 84480K, 18% used [0x00000000c1800000,0x00000000c279fa48,0x00000000c6a80000)
 PSPermGen       total 22528K, used 22172K [0x00000000b7200000, 0x00000000b8800000, 0x00000000c1800000)
  object space 22528K, 98% used [0x00000000b7200000,0x00000000b87a7340,0x00000000b8800000)
}
Event: 3,264 GC heap before
{Heap before GC invocations=6 (full 0):
 PSYoungGen      total 134144K, used 134127K [0x00000000eb280000, 0x00000000fc980000, 0x0000000100000000)
  eden space 129024K, 100% used [0x00000000eb280000,0x00000000f3080000,0x00000000f3080000)
  from space 5120K, 99% used [0x00000000f3080000,0x00000000f357bdc8,0x00000000f3580000)
  to   space 13824K, 0% used [0x00000000fbc00000,0x00000000fbc00000,0x00000000fc980000)
 ParOldGen       total 187392K, used 118398K [0x00000000c1800000, 0x00000000ccf00000, 0x00000000eb280000)
  object space 187392K, 63% used [0x00000000c1800000,0x00000000c8b9fa58,0x00000000ccf00000)
 PSPermGen       total 26112K, used 26063K [0x00000000b7200000, 0x00000000b8b80000, 0x00000000c1800000)
  object space 26112K, 99% used [0x00000000b7200000,0x00000000b8b73c48,0x00000000b8b80000)
Event: 3,277 GC heap after
Heap after GC invocations=6 (full 0):
 PSYoungGen      total 269824K, used 13805K [0x00000000eb280000, 0x00000000fcd80000, 0x0000000100000000)
  eden space 256000K, 0% used [0x00000000eb280000,0x00000000eb280000,0x00000000fac80000)
  from space 13824K, 99% used [0x00000000fbc00000,0x00000000fc97b6e0,0x00000000fc980000)
  to   space 15872K, 0% used [0x00000000fac80000,0x00000000fac80000,0x00000000fbc00000)
 ParOldGen       total 187392K, used 118406K [0x00000000c1800000, 0x00000000ccf00000, 0x00000000eb280000)
  object space 187392K, 63% used [0x00000000c1800000,0x00000000c8ba1a58,0x00000000ccf00000)
 PSPermGen       total 26112K, used 26063K [0x00000000b7200000, 0x00000000b8b80000, 0x00000000c1800000)
  object space 26112K, 99% used [0x00000000b7200000,0x00000000b8b73c48,0x00000000b8b80000)
}
Event: 4,530 GC heap before
{Heap before GC invocations=7 (full 0):
 PSYoungGen      total 269824K, used 269805K [0x00000000eb280000, 0x00000000fcd80000, 0x0000000100000000)
  eden space 256000K, 100% used [0x00000000eb280000,0x00000000fac80000,0x00000000fac80000)
  from space 13824K, 99% used [0x00000000fbc00000,0x00000000fc97b6e0,0x00000000fc980000)
  to   space 15872K, 0% used [0x00000000fac80000,0x00000000fac80000,0x00000000fbc00000)
 ParOldGen       total 187392K, used 118406K [0x00000000c1800000, 0x00000000ccf00000, 0x00000000eb280000)
  object space 187392K, 63% used [0x00000000c1800000,0x00000000c8ba1a58,0x00000000ccf00000)
 PSPermGen       total 27136K, used 27061K [0x00000000b7200000, 0x00000000b8c80000, 0x00000000c1800000)
  object space 27136K, 99% used [0x00000000b7200000,0x00000000b8c6d4d8,0x00000000b8c80000)
Event: 4,541 GC heap after
Heap after GC invocations=7 (full 0):
 PSYoungGen      total 271872K, used 9607K [0x00000000eb280000, 0x0000000100000000, 0x0000000100000000)
  eden space 256000K, 0% used [0x00000000eb280000,0x00000000eb280000,0x00000000fac80000)
  from space 15872K, 60% used [0x00000000fac80000,0x00000000fb5e1f68,0x00000000fbc00000)
  to   space 15360K, 0% used [0x00000000ff100000,0x00000000ff100000,0x0000000100000000)
 ParOldGen       total 187392K, used 119816K [0x00000000c1800000, 0x00000000ccf00000, 0x00000000eb280000)
  object space 187392K, 63% used [0x00000000c1800000,0x00000000c8d020e0,0x00000000ccf00000)
 PSPermGen       total 27136K, used 27061K [0x00000000b7200000, 0x00000000b8c80000, 0x00000000c1800000)
  object space 27136K, 99% used [0x00000000b7200000,0x00000000b8c6d4d8,0x00000000b8c80000)
}

