# JRE version: OpenJDK Runtime Environment (7.0_95) (build 1.7.0_95-b00)
# Java VM: OpenJDK 64-Bit Server VM (24.95-b01 mixed mode linux-amd64 compressed oops)
Heap
 PSYoungGen      total 269824K, used 33510K [0x00000000eb280000, 0x0000000100000000, 0x0000000100000000)
  eden space 257024K, 9% used [0x00000000eb280000,0x00000000eca5cd18,0x00000000fad80000)
  from space 12800K, 70% used [0x00000000fad80000,0x00000000fb65ce28,0x00000000fba00000)
  to   space 12800K, 0% used [0x00000000ff380000,0x00000000ff380000,0x0000000100000000)
 ParOldGen       total 290304K, used 219524K [0x00000000c1800000, 0x00000000d3380000, 0x00000000eb280000)
  object space 290304K, 75% used [0x00000000c1800000,0x00000000cee610e8,0x00000000d3380000)
 PSPermGen       total 27648K, used 27305K [0x00000000b7200000, 0x00000000b8d00000, 0x00000000c1800000)
  object space 27648K, 98% used [0x00000000b7200000,0x00000000b8caa7f8,0x00000000b8d00000)
GC Heap History (10 events):
Event: 1,182 GC heap before
{Heap before GC invocations=3 (full 0):
 PSYoungGen      total 69632K, used 69627K [0x00000000eb280000, 0x00000000efb80000, 0x0000000100000000)
  eden space 64512K, 100% used [0x00000000eb280000,0x00000000ef180000,0x00000000ef180000)
  from space 5120K, 99% used [0x00000000ef680000,0x00000000efb7ef90,0x00000000efb80000)
  to   space 5120K, 0% used [0x00000000ef180000,0x00000000ef180000,0x00000000ef680000)
 ParOldGen       total 84480K, used 5016K [0x00000000c1800000, 0x00000000c6a80000, 0x00000000eb280000)
  object space 84480K, 5% used [0x00000000c1800000,0x00000000c1ce62d8,0x00000000c6a80000)
 PSPermGen       total 21504K, used 12518K [0x00000000b7200000, 0x00000000b8700000, 0x00000000c1800000)
  object space 21504K, 58% used [0x00000000b7200000,0x00000000b7e398a8,0x00000000b8700000)
Event: 1,190 GC heap after
Heap after GC invocations=3 (full 0):
 PSYoungGen      total 69632K, used 5117K [0x00000000eb280000, 0x00000000f3a80000, 0x0000000100000000)
  eden space 64512K, 0% used [0x00000000eb280000,0x00000000eb280000,0x00000000ef180000)
  from space 5120K, 99% used [0x00000000ef180000,0x00000000ef67f460,0x00000000ef680000)
  to   space 5120K, 0% used [0x00000000f3580000,0x00000000f3580000,0x00000000f3a80000)
 ParOldGen       total 84480K, used 6285K [0x00000000c1800000, 0x00000000c6a80000, 0x00000000eb280000)
  object space 84480K, 7% used [0x00000000c1800000,0x00000000c1e23460,0x00000000c6a80000)
 PSPermGen       total 21504K, used 12518K [0x00000000b7200000, 0x00000000b8700000, 0x00000000c1800000)
  object space 21504K, 58% used [0x00000000b7200000,0x00000000b7e398a8,0x00000000b8700000)
}
Event: 1,567 GC heap before
{Heap before GC invocations=4 (full 0):
 PSYoungGen      total 69632K, used 69629K [0x00000000eb280000, 0x00000000f3a80000, 0x0000000100000000)
  eden space 64512K, 100% used [0x00000000eb280000,0x00000000ef180000,0x00000000ef180000)
  from space 5120K, 99% used [0x00000000ef180000,0x00000000ef67f460,0x00000000ef680000)
  to   space 5120K, 0% used [0x00000000f3580000,0x00000000f3580000,0x00000000f3a80000)
 ParOldGen       total 84480K, used 6285K [0x00000000c1800000, 0x00000000c6a80000, 0x00000000eb280000)
  object space 84480K, 7% used [0x00000000c1800000,0x00000000c1e23460,0x00000000c6a80000)
 PSPermGen       total 21504K, used 15534K [0x00000000b7200000, 0x00000000b8700000, 0x00000000c1800000)
  object space 21504K, 72% used [0x00000000b7200000,0x00000000b812b928,0x00000000b8700000)
Event: 1,574 GC heap after
Heap after GC invocations=4 (full 0):
 PSYoungGen      total 134144K, used 5106K [0x00000000eb280000, 0x00000000f3a80000, 0x0000000100000000)
  eden space 129024K, 0% used [0x00000000eb280000,0x00000000eb280000,0x00000000f3080000)
  from space 5120K, 99% used [0x00000000f3580000,0x00000000f3a7ca40,0x00000000f3a80000)
  to   space 5120K, 0% used [0x00000000f3080000,0x00000000f3080000,0x00000000f3580000)
 ParOldGen       total 84480K, used 7550K [0x00000000c1800000, 0x00000000c6a80000, 0x00000000eb280000)
  object space 84480K, 8% used [0x00000000c1800000,0x00000000c1f5f948,0x00000000c6a80000)
 PSPermGen       total 21504K, used 15534K [0x00000000b7200000, 0x00000000b8700000, 0x00000000c1800000)
  object space 21504K, 72% used [0x00000000b7200000,0x00000000b812b928,0x00000000b8700000)
}
Event: 2,172 GC heap before
{Heap before GC invocations=5 (full 0):
 PSYoungGen      total 134144K, used 134130K [0x00000000eb280000, 0x00000000f3a80000, 0x0000000100000000)
  eden space 129024K, 100% used [0x00000000eb280000,0x00000000f3080000,0x00000000f3080000)
  from space 5120K, 99% used [0x00000000f3580000,0x00000000f3a7ca40,0x00000000f3a80000)
  to   space 5120K, 0% used [0x00000000f3080000,0x00000000f3080000,0x00000000f3580000)
 ParOldGen       total 84480K, used 7550K [0x00000000c1800000, 0x00000000c6a80000, 0x00000000eb280000)
  object space 84480K, 8% used [0x00000000c1800000,0x00000000c1f5f948,0x00000000c6a80000)
 PSPermGen       total 21504K, used 21167K [0x00000000b7200000, 0x00000000b8700000, 0x00000000c1800000)
  object space 21504K, 98% used [0x00000000b7200000,0x00000000b86abca8,0x00000000b8700000)
Event: 2,180 GC heap after
Heap after GC invocations=5 (full 0):
 PSYoungGen      total 134144K, used 5104K [0x00000000eb280000, 0x00000000fc580000, 0x0000000100000000)
  eden space 129024K, 0% used [0x00000000eb280000,0x00000000eb280000,0x00000000f3080000)
  from space 5120K, 99% used [0x00000000f3080000,0x00000000f357c160,0x00000000f3580000)
  to   space 11776K, 0% used [0x00000000fba00000,0x00000000fba00000,0x00000000fc580000)
 ParOldGen       total 84480K, used 13526K [0x00000000c1800000, 0x00000000c6a80000, 0x00000000eb280000)
  object space 84480K, 16% used [0x00000000c1800000,0x00000000c2535b68,0x00000000c6a80000)
 PSPermGen       total 21504K, used 21167K [0x00000000b7200000, 0x00000000b8700000, 0x00000000c1800000)
  object space 21504K, 98% used [0x00000000b7200000,0x00000000b86abca8,0x00000000b8700000)
}
Event: 3,160 GC heap before
{Heap before GC invocations=6 (full 0):
 PSYoungGen      total 134144K, used 134119K [0x00000000eb280000, 0x00000000fc580000, 0x0000000100000000)
  eden space 129024K, 99% used [0x00000000eb280000,0x00000000f307dcd8,0x00000000f3080000)
  from space 5120K, 99% used [0x00000000f3080000,0x00000000f357c160,0x00000000f3580000)
  to   space 11776K, 0% used [0x00000000fba00000,0x00000000fba00000,0x00000000fc580000)
 ParOldGen       total 290304K, used 218326K [0x00000000c1800000, 0x00000000d3380000, 0x00000000eb280000)
  object space 290304K, 75% used [0x00000000c1800000,0x00000000ced35b88,0x00000000d3380000)
 PSPermGen       total 26624K, used 26236K [0x00000000b7200000, 0x00000000b8c00000, 0x00000000c1800000)
  object space 26624K, 98% used [0x00000000b7200000,0x00000000b8b9f348,0x00000000b8c00000)
Event: 3,169 GC heap after
Heap after GC invocations=6 (full 0):
 PSYoungGen      total 268800K, used 10700K [0x00000000eb280000, 0x00000000fc780000, 0x0000000100000000)
  eden space 257024K, 0% used [0x00000000eb280000,0x00000000eb280000,0x00000000fad80000)
  from space 11776K, 90% used [0x00000000fba00000,0x00000000fc473250,0x00000000fc580000)
  to   space 12800K, 0% used [0x00000000fad80000,0x00000000fad80000,0x00000000fba00000)
 ParOldGen       total 290304K, used 218334K [0x00000000c1800000, 0x00000000d3380000, 0x00000000eb280000)
  object space 290304K, 75% used [0x00000000c1800000,0x00000000ced37b88,0x00000000d3380000)
 PSPermGen       total 26624K, used 26236K [0x00000000b7200000, 0x00000000b8c00000, 0x00000000c1800000)
  object space 26624K, 98% used [0x00000000b7200000,0x00000000b8b9f348,0x00000000b8c00000)
}
Event: 4,397 GC heap before
{Heap before GC invocations=7 (full 0):
 PSYoungGen      total 268800K, used 267724K [0x00000000eb280000, 0x00000000fc780000, 0x0000000100000000)
  eden space 257024K, 100% used [0x00000000eb280000,0x00000000fad80000,0x00000000fad80000)
  from space 11776K, 90% used [0x00000000fba00000,0x00000000fc473250,0x00000000fc580000)
  to   space 12800K, 0% used [0x00000000fad80000,0x00000000fad80000,0x00000000fba00000)
 ParOldGen       total 290304K, used 218334K [0x00000000c1800000, 0x00000000d3380000, 0x00000000eb280000)
  object space 290304K, 75% used [0x00000000c1800000,0x00000000ced37b88,0x00000000d3380000)
 PSPermGen       total 27648K, used 27159K [0x00000000b7200000, 0x00000000b8d00000, 0x00000000c1800000)
  object space 27648K, 98% used [0x00000000b7200000,0x00000000b8c85df0,0x00000000b8d00000)
Event: 4,412 GC heap after
Heap after GC invocations=7 (full 0):
 PSYoungGen      total 269824K, used 9075K [0x00000000eb280000, 0x0000000100000000, 0x0000000100000000)
  eden space 257024K, 0% used [0x00000000eb280000,0x00000000eb280000,0x00000000fad80000)
  from space 12800K, 70% used [0x00000000fad80000,0x00000000fb65ce28,0x00000000fba00000)
  to   space 12800K, 0% used [0x00000000ff380000,0x00000000ff380000,0x0000000100000000)
 ParOldGen       total 290304K, used 219524K [0x00000000c1800000, 0x00000000d3380000, 0x00000000eb280000)
  object space 290304K, 75% used [0x00000000c1800000,0x00000000cee610e8,0x00000000d3380000)
 PSPermGen       total 27648K, used 27159K [0x00000000b7200000, 0x00000000b8d00000, 0x00000000c1800000)
  object space 27648K, 98% used [0x00000000b7200000,0x00000000b8c85df0,0x00000000b8d00000)
}

